Vivado Simulator v2025.1.0
Copyright 1986-2022 Xilinx, Inc. All Rights Reserved.
Copyright 2022-2025 Advanced Micro Devices, Inc. All Rights Reserved.
Running: D:/2025.1/Vivado/bin/unwrapped/win64.o/xelab.exe --incr --debug typical --relax --mt 2 -L xil_defaultlib -L uvm -L unisims_ver -L unimacro_ver -L secureip --snapshot cpu_tb_behav xil_defaultlib.cpu_tb xil_defaultlib.glbl -log elaborate.log 
Using 2 slave threads.
Starting static elaboration
Pass Through NonSizing Optimizer
Completed static elaboration
Starting simulation data flow analysis
WARNING: [XSIM 43-4100] "C:/Users/Juan/Desktop/RiscV-32-proccesor/pipeline_proccesor.sim/sim_1/behav/xsim/glbl.v" Line 6. Module glbl has a timescale but at least one module in design doesn't have timescale.
WARNING: [XSIM 43-4100] "C:/Users/Juan/Desktop/RiscV-32-proccesor/pipeline_proccesor.sim/sim_1/behav/xsim/glbl.v" Line 6. Module glbl has a timescale but at least one module in design doesn't have timescale.
Completed simulation data flow analysis
Time Resolution for simulation is 1ps
Compiling module xil_defaultlib.if_stage
Compiling module xil_defaultlib.pipe_if_id
Compiling module xil_defaultlib.decoder
Compiling module xil_defaultlib.immgen
Compiling module xil_defaultlib.controller
Compiling module xil_defaultlib.id_stage
Compiling module xil_defaultlib.regfile_int
Compiling module xil_defaultlib.pipe_id_ex
Compiling module xil_defaultlib.hazard_unit
Compiling module xil_defaultlib.forwarding_unit
Compiling module xil_defaultlib.alu_int
Compiling module xil_defaultlib.ex_stage
Compiling module xil_defaultlib.branch_predictor
Compiling module xil_defaultlib.pipe_ex_mem
Compiling module xil_defaultlib.lsu
Compiling module xil_defaultlib.mem_stage
Compiling module xil_defaultlib.pipe_mem_wb
Compiling module xil_defaultlib.wb_stage
Compiling module xil_defaultlib.core_pipeline
Compiling module xil_defaultlib.instr_mem
Compiling module xil_defaultlib.data_mem
Compiling module xil_defaultlib.mem_top
Compiling module xil_defaultlib.cpu_top
Compiling module xil_defaultlib.cpu_tb
Compiling module xil_defaultlib.glbl
Built simulation snapshot cpu_tb_behav
